[INFO  - 2017-06-05T09:43:06.380Z] GhostDriver - Main - running on port 9806
[INFO  - 2017-06-05T09:43:06.772Z] Session [60b7b9f0-49d3-11e7-b1c4-abd1c1209067] - page.settings - {"XSSAuditingEnabled":false,"javascriptCanCloseWindows":true,"javascriptCanOpenWindows":true,"javascriptEnabled":true,"loadImages":true,"localToRemoteUrlAccessEnabled":false,"userAgent":"Mozilla/5.0 (Unknown; Linux x86_64) AppleWebKit/538.1 (KHTML, like Gecko) PhantomJS/2.1.1 Safari/538.1","webSecurityEnabled":true}
[INFO  - 2017-06-05T09:43:06.772Z] Session [60b7b9f0-49d3-11e7-b1c4-abd1c1209067] - page.customHeaders:  - {}
[INFO  - 2017-06-05T09:43:06.772Z] Session [60b7b9f0-49d3-11e7-b1c4-abd1c1209067] - Session.negotiatedCapabilities - {"browserName":"phantomjs","version":"2.1.1","driverName":"ghostdriver","driverVersion":"1.2.0","platform":"linux-unknown-64bit","javascriptEnabled":true,"takesScreenshot":true,"handlesAlerts":false,"databaseEnabled":false,"locationContextEnabled":false,"applicationCacheEnabled":false,"browserConnectionEnabled":false,"cssSelectorsEnabled":true,"webStorageEnabled":false,"rotatable":false,"acceptSslCerts":false,"nativeEvents":true,"proxy":{"proxyType":"direct"}}
[INFO  - 2017-06-05T09:43:06.773Z] SessionManagerReqHand - _postNewSessionCommand - New Session Created: 60b7b9f0-49d3-11e7-b1c4-abd1c1209067
[INFO  - 2017-06-05T09:43:19.669Z] ShutdownReqHand - _handle - About to shutdown
[INFO  - 2017-06-05T09:44:00.667Z] GhostDriver - Main - running on port 21575
[INFO  - 2017-06-05T09:44:01.168Z] Session [8123e5b0-49d3-11e7-a8c5-3b548b81b13e] - page.settings - {"XSSAuditingEnabled":false,"javascriptCanCloseWindows":true,"javascriptCanOpenWindows":true,"javascriptEnabled":true,"loadImages":true,"localToRemoteUrlAccessEnabled":false,"userAgent":"Mozilla/5.0 (Unknown; Linux x86_64) AppleWebKit/538.1 (KHTML, like Gecko) PhantomJS/2.1.1 Safari/538.1","webSecurityEnabled":true}
[INFO  - 2017-06-05T09:44:01.170Z] Session [8123e5b0-49d3-11e7-a8c5-3b548b81b13e] - page.customHeaders:  - {}
[INFO  - 2017-06-05T09:44:01.171Z] Session [8123e5b0-49d3-11e7-a8c5-3b548b81b13e] - Session.negotiatedCapabilities - {"browserName":"phantomjs","version":"2.1.1","driverName":"ghostdriver","driverVersion":"1.2.0","platform":"linux-unknown-64bit","javascriptEnabled":true,"takesScreenshot":true,"handlesAlerts":false,"databaseEnabled":false,"locationContextEnabled":false,"applicationCacheEnabled":false,"browserConnectionEnabled":false,"cssSelectorsEnabled":true,"webStorageEnabled":false,"rotatable":false,"acceptSslCerts":false,"nativeEvents":true,"proxy":{"proxyType":"direct"}}
[INFO  - 2017-06-05T09:44:01.171Z] SessionManagerReqHand - _postNewSessionCommand - New Session Created: 8123e5b0-49d3-11e7-a8c5-3b548b81b13e
[INFO  - 2017-06-05T09:44:06.290Z] ShutdownReqHand - _handle - About to shutdown
[INFO  - 2017-06-05T09:44:13.652Z] GhostDriver - Main - running on port 7315
[INFO  - 2017-06-05T09:44:14.081Z] Session [88d643c0-49d3-11e7-aceb-0f219e86f735] - page.settings - {"XSSAuditingEnabled":false,"javascriptCanCloseWindows":true,"javascriptCanOpenWindows":true,"javascriptEnabled":true,"loadImages":true,"localToRemoteUrlAccessEnabled":false,"userAgent":"Mozilla/5.0 (Unknown; Linux x86_64) AppleWebKit/538.1 (KHTML, like Gecko) PhantomJS/2.1.1 Safari/538.1","webSecurityEnabled":true}
[INFO  - 2017-06-05T09:44:14.082Z] Session [88d643c0-49d3-11e7-aceb-0f219e86f735] - page.customHeaders:  - {}
[INFO  - 2017-06-05T09:44:14.083Z] Session [88d643c0-49d3-11e7-aceb-0f219e86f735] - Session.negotiatedCapabilities - {"browserName":"phantomjs","version":"2.1.1","driverName":"ghostdriver","driverVersion":"1.2.0","platform":"linux-unknown-64bit","javascriptEnabled":true,"takesScreenshot":true,"handlesAlerts":false,"databaseEnabled":false,"locationContextEnabled":false,"applicationCacheEnabled":false,"browserConnectionEnabled":false,"cssSelectorsEnabled":true,"webStorageEnabled":false,"rotatable":false,"acceptSslCerts":false,"nativeEvents":true,"proxy":{"proxyType":"direct"}}
[INFO  - 2017-06-05T09:44:14.084Z] SessionManagerReqHand - _postNewSessionCommand - New Session Created: 88d643c0-49d3-11e7-aceb-0f219e86f735
[INFO  - 2017-06-05T09:44:18.893Z] ShutdownReqHand - _handle - About to shutdown
[INFO  - 2017-06-05T09:55:17.988Z] GhostDriver - Main - running on port 25556
[INFO  - 2017-06-05T09:55:18.415Z] Session [14cf96a0-49d5-11e7-911c-bdca18822112] - page.settings - {"XSSAuditingEnabled":false,"javascriptCanCloseWindows":true,"javascriptCanOpenWindows":true,"javascriptEnabled":true,"loadImages":true,"localToRemoteUrlAccessEnabled":false,"userAgent":"Mozilla/5.0 (Unknown; Linux x86_64) AppleWebKit/538.1 (KHTML, like Gecko) PhantomJS/2.1.1 Safari/538.1","webSecurityEnabled":true}
[INFO  - 2017-06-05T09:55:18.415Z] Session [14cf96a0-49d5-11e7-911c-bdca18822112] - page.customHeaders:  - {}
[INFO  - 2017-06-05T09:55:18.416Z] Session [14cf96a0-49d5-11e7-911c-bdca18822112] - Session.negotiatedCapabilities - {"browserName":"phantomjs","version":"2.1.1","driverName":"ghostdriver","driverVersion":"1.2.0","platform":"linux-unknown-64bit","javascriptEnabled":true,"takesScreenshot":true,"handlesAlerts":false,"databaseEnabled":false,"locationContextEnabled":false,"applicationCacheEnabled":false,"browserConnectionEnabled":false,"cssSelectorsEnabled":true,"webStorageEnabled":false,"rotatable":false,"acceptSslCerts":false,"nativeEvents":true,"proxy":{"proxyType":"direct"}}
[INFO  - 2017-06-05T09:55:18.416Z] SessionManagerReqHand - _postNewSessionCommand - New Session Created: 14cf96a0-49d5-11e7-911c-bdca18822112
[INFO  - 2017-06-05T09:55:30.574Z] ShutdownReqHand - _handle - About to shutdown
[INFO  - 2017-06-05T09:56:30.895Z] GhostDriver - Main - running on port 4177
[INFO  - 2017-06-05T09:56:31.295Z] Session [403fbc70-49d5-11e7-ad27-cbfa772a63f6] - page.settings - {"XSSAuditingEnabled":false,"javascriptCanCloseWindows":true,"javascriptCanOpenWindows":true,"javascriptEnabled":true,"loadImages":true,"localToRemoteUrlAccessEnabled":false,"userAgent":"Mozilla/5.0 (Unknown; Linux x86_64) AppleWebKit/538.1 (KHTML, like Gecko) PhantomJS/2.1.1 Safari/538.1","webSecurityEnabled":true}
[INFO  - 2017-06-05T09:56:31.296Z] Session [403fbc70-49d5-11e7-ad27-cbfa772a63f6] - page.customHeaders:  - {}
[INFO  - 2017-06-05T09:56:31.297Z] Session [403fbc70-49d5-11e7-ad27-cbfa772a63f6] - Session.negotiatedCapabilities - {"browserName":"phantomjs","version":"2.1.1","driverName":"ghostdriver","driverVersion":"1.2.0","platform":"linux-unknown-64bit","javascriptEnabled":true,"takesScreenshot":true,"handlesAlerts":false,"databaseEnabled":false,"locationContextEnabled":false,"applicationCacheEnabled":false,"browserConnectionEnabled":false,"cssSelectorsEnabled":true,"webStorageEnabled":false,"rotatable":false,"acceptSslCerts":false,"nativeEvents":true,"proxy":{"proxyType":"direct"}}
[INFO  - 2017-06-05T09:56:31.298Z] SessionManagerReqHand - _postNewSessionCommand - New Session Created: 403fbc70-49d5-11e7-ad27-cbfa772a63f6
[INFO  - 2017-06-05T09:56:39.529Z] GhostDriver - Main - running on port 20316
[INFO  - 2017-06-05T09:56:40.284Z] Session [459b8050-49d5-11e7-882a-9361fd14d713] - page.settings - {"XSSAuditingEnabled":false,"javascriptCanCloseWindows":true,"javascriptCanOpenWindows":true,"javascriptEnabled":true,"loadImages":true,"localToRemoteUrlAccessEnabled":false,"userAgent":"Mozilla/5.0 (Unknown; Linux x86_64) AppleWebKit/538.1 (KHTML, like Gecko) PhantomJS/2.1.1 Safari/538.1","webSecurityEnabled":true}
[INFO  - 2017-06-05T09:56:40.284Z] Session [459b8050-49d5-11e7-882a-9361fd14d713] - page.customHeaders:  - {}
[INFO  - 2017-06-05T09:56:40.285Z] Session [459b8050-49d5-11e7-882a-9361fd14d713] - Session.negotiatedCapabilities - {"browserName":"phantomjs","version":"2.1.1","driverName":"ghostdriver","driverVersion":"1.2.0","platform":"linux-unknown-64bit","javascriptEnabled":true,"takesScreenshot":true,"handlesAlerts":false,"databaseEnabled":false,"locationContextEnabled":false,"applicationCacheEnabled":false,"browserConnectionEnabled":false,"cssSelectorsEnabled":true,"webStorageEnabled":false,"rotatable":false,"acceptSslCerts":false,"nativeEvents":true,"proxy":{"proxyType":"direct"}}
[INFO  - 2017-06-05T09:56:40.285Z] SessionManagerReqHand - _postNewSessionCommand - New Session Created: 459b8050-49d5-11e7-882a-9361fd14d713
[INFO  - 2017-06-05T09:56:41.717Z] ShutdownReqHand - _handle - About to shutdown
[INFO  - 2017-06-05T09:56:44.778Z] GhostDriver - Main - running on port 13718
[INFO  - 2017-06-05T09:56:45.374Z] Session [48a45380-49d5-11e7-9792-bfa2d08165dc] - page.settings - {"XSSAuditingEnabled":false,"javascriptCanCloseWindows":true,"javascriptCanOpenWindows":true,"javascriptEnabled":true,"loadImages":true,"localToRemoteUrlAccessEnabled":false,"userAgent":"Mozilla/5.0 (Unknown; Linux x86_64) AppleWebKit/538.1 (KHTML, like Gecko) PhantomJS/2.1.1 Safari/538.1","webSecurityEnabled":true}
[INFO  - 2017-06-05T09:56:45.374Z] Session [48a45380-49d5-11e7-9792-bfa2d08165dc] - page.customHeaders:  - {}
[INFO  - 2017-06-05T09:56:45.375Z] Session [48a45380-49d5-11e7-9792-bfa2d08165dc] - Session.negotiatedCapabilities - {"browserName":"phantomjs","version":"2.1.1","driverName":"ghostdriver","driverVersion":"1.2.0","platform":"linux-unknown-64bit","javascriptEnabled":true,"takesScreenshot":true,"handlesAlerts":false,"databaseEnabled":false,"locationContextEnabled":false,"applicationCacheEnabled":false,"browserConnectionEnabled":false,"cssSelectorsEnabled":true,"webStorageEnabled":false,"rotatable":false,"acceptSslCerts":false,"nativeEvents":true,"proxy":{"proxyType":"direct"}}
[INFO  - 2017-06-05T09:56:45.375Z] SessionManagerReqHand - _postNewSessionCommand - New Session Created: 48a45380-49d5-11e7-9792-bfa2d08165dc
[INFO  - 2017-06-05T09:56:47.724Z] ShutdownReqHand - _handle - About to shutdown
[INFO  - 2017-06-05T09:56:52.764Z] ShutdownReqHand - _handle - About to shutdown
[INFO  - 2017-06-05T09:57:00.742Z] GhostDriver - Main - running on port 17028
[INFO  - 2017-06-05T09:57:01.180Z] Session [52104870-49d5-11e7-a3b9-89e66edf1cf0] - page.settings - {"XSSAuditingEnabled":false,"javascriptCanCloseWindows":true,"javascriptCanOpenWindows":true,"javascriptEnabled":true,"loadImages":true,"localToRemoteUrlAccessEnabled":false,"userAgent":"Mozilla/5.0 (Unknown; Linux x86_64) AppleWebKit/538.1 (KHTML, like Gecko) PhantomJS/2.1.1 Safari/538.1","webSecurityEnabled":true}
[INFO  - 2017-06-05T09:57:01.184Z] Session [52104870-49d5-11e7-a3b9-89e66edf1cf0] - page.customHeaders:  - {}
[INFO  - 2017-06-05T09:57:01.185Z] Session [52104870-49d5-11e7-a3b9-89e66edf1cf0] - Session.negotiatedCapabilities - {"browserName":"phantomjs","version":"2.1.1","driverName":"ghostdriver","driverVersion":"1.2.0","platform":"linux-unknown-64bit","javascriptEnabled":true,"takesScreenshot":true,"handlesAlerts":false,"databaseEnabled":false,"locationContextEnabled":false,"applicationCacheEnabled":false,"browserConnectionEnabled":false,"cssSelectorsEnabled":true,"webStorageEnabled":false,"rotatable":false,"acceptSslCerts":false,"nativeEvents":true,"proxy":{"proxyType":"direct"}}
[INFO  - 2017-06-05T09:57:01.185Z] SessionManagerReqHand - _postNewSessionCommand - New Session Created: 52104870-49d5-11e7-a3b9-89e66edf1cf0
[INFO  - 2017-06-05T09:57:03.334Z] ShutdownReqHand - _handle - About to shutdown
[INFO  - 2017-06-05T10:00:25.686Z] GhostDriver - Main - running on port 30865
[INFO  - 2017-06-05T10:00:26.101Z] Session [cc34bf00-49d5-11e7-97b6-95e4af7c891e] - page.settings - {"XSSAuditingEnabled":false,"javascriptCanCloseWindows":true,"javascriptCanOpenWindows":true,"javascriptEnabled":true,"loadImages":true,"localToRemoteUrlAccessEnabled":false,"userAgent":"Mozilla/5.0 (Unknown; Linux x86_64) AppleWebKit/538.1 (KHTML, like Gecko) PhantomJS/2.1.1 Safari/538.1","webSecurityEnabled":true}
[INFO  - 2017-06-05T10:00:26.102Z] Session [cc34bf00-49d5-11e7-97b6-95e4af7c891e] - page.customHeaders:  - {}
[INFO  - 2017-06-05T10:00:26.102Z] Session [cc34bf00-49d5-11e7-97b6-95e4af7c891e] - Session.negotiatedCapabilities - {"browserName":"phantomjs","version":"2.1.1","driverName":"ghostdriver","driverVersion":"1.2.0","platform":"linux-unknown-64bit","javascriptEnabled":true,"takesScreenshot":true,"handlesAlerts":false,"databaseEnabled":false,"locationContextEnabled":false,"applicationCacheEnabled":false,"browserConnectionEnabled":false,"cssSelectorsEnabled":true,"webStorageEnabled":false,"rotatable":false,"acceptSslCerts":false,"nativeEvents":true,"proxy":{"proxyType":"direct"}}
[INFO  - 2017-06-05T10:00:26.102Z] SessionManagerReqHand - _postNewSessionCommand - New Session Created: cc34bf00-49d5-11e7-97b6-95e4af7c891e
[INFO  - 2017-06-05T10:00:38.987Z] ShutdownReqHand - _handle - About to shutdown
[INFO  - 2017-06-05T10:01:32.706Z] GhostDriver - Main - running on port 3128
[INFO  - 2017-06-05T10:01:33.244Z] Session [f439f470-49d5-11e7-a551-47d8d3d31753] - page.settings - {"XSSAuditingEnabled":false,"javascriptCanCloseWindows":true,"javascriptCanOpenWindows":true,"javascriptEnabled":true,"loadImages":true,"localToRemoteUrlAccessEnabled":false,"userAgent":"Mozilla/5.0 (Unknown; Linux x86_64) AppleWebKit/538.1 (KHTML, like Gecko) PhantomJS/2.1.1 Safari/538.1","webSecurityEnabled":true}
[INFO  - 2017-06-05T10:01:33.245Z] Session [f439f470-49d5-11e7-a551-47d8d3d31753] - page.customHeaders:  - {}
[INFO  - 2017-06-05T10:01:33.246Z] Session [f439f470-49d5-11e7-a551-47d8d3d31753] - Session.negotiatedCapabilities - {"browserName":"phantomjs","version":"2.1.1","driverName":"ghostdriver","driverVersion":"1.2.0","platform":"linux-unknown-64bit","javascriptEnabled":true,"takesScreenshot":true,"handlesAlerts":false,"databaseEnabled":false,"locationContextEnabled":false,"applicationCacheEnabled":false,"browserConnectionEnabled":false,"cssSelectorsEnabled":true,"webStorageEnabled":false,"rotatable":false,"acceptSslCerts":false,"nativeEvents":true,"proxy":{"proxyType":"direct"}}
[INFO  - 2017-06-05T10:01:33.246Z] SessionManagerReqHand - _postNewSessionCommand - New Session Created: f439f470-49d5-11e7-a551-47d8d3d31753
[INFO  - 2017-06-05T10:01:46.213Z] ShutdownReqHand - _handle - About to shutdown
[INFO  - 2017-06-05T10:02:34.487Z] GhostDriver - Main - running on port 8494
[INFO  - 2017-06-05T10:02:35.022Z] Session [190c8790-49d6-11e7-893e-31ce119a004f] - page.settings - {"XSSAuditingEnabled":false,"javascriptCanCloseWindows":true,"javascriptCanOpenWindows":true,"javascriptEnabled":true,"loadImages":true,"localToRemoteUrlAccessEnabled":false,"userAgent":"Mozilla/5.0 (Unknown; Linux x86_64) AppleWebKit/538.1 (KHTML, like Gecko) PhantomJS/2.1.1 Safari/538.1","webSecurityEnabled":true}
[INFO  - 2017-06-05T10:02:35.023Z] Session [190c8790-49d6-11e7-893e-31ce119a004f] - page.customHeaders:  - {}
[INFO  - 2017-06-05T10:02:35.023Z] Session [190c8790-49d6-11e7-893e-31ce119a004f] - Session.negotiatedCapabilities - {"browserName":"phantomjs","version":"2.1.1","driverName":"ghostdriver","driverVersion":"1.2.0","platform":"linux-unknown-64bit","javascriptEnabled":true,"takesScreenshot":true,"handlesAlerts":false,"databaseEnabled":false,"locationContextEnabled":false,"applicationCacheEnabled":false,"browserConnectionEnabled":false,"cssSelectorsEnabled":true,"webStorageEnabled":false,"rotatable":false,"acceptSslCerts":false,"nativeEvents":true,"proxy":{"proxyType":"direct"}}
[INFO  - 2017-06-05T10:02:35.024Z] SessionManagerReqHand - _postNewSessionCommand - New Session Created: 190c8790-49d6-11e7-893e-31ce119a004f
[INFO  - 2017-06-05T10:02:52.854Z] GhostDriver - Main - running on port 1034
[INFO  - 2017-06-05T10:02:53.459Z] Session [2409cae0-49d6-11e7-b94c-7fec741cdd76] - page.settings - {"XSSAuditingEnabled":false,"javascriptCanCloseWindows":true,"javascriptCanOpenWindows":true,"javascriptEnabled":true,"loadImages":true,"localToRemoteUrlAccessEnabled":false,"userAgent":"Mozilla/5.0 (Unknown; Linux x86_64) AppleWebKit/538.1 (KHTML, like Gecko) PhantomJS/2.1.1 Safari/538.1","webSecurityEnabled":true}
[INFO  - 2017-06-05T10:02:53.459Z] Session [2409cae0-49d6-11e7-b94c-7fec741cdd76] - page.customHeaders:  - {}
[INFO  - 2017-06-05T10:02:53.460Z] Session [2409cae0-49d6-11e7-b94c-7fec741cdd76] - Session.negotiatedCapabilities - {"browserName":"phantomjs","version":"2.1.1","driverName":"ghostdriver","driverVersion":"1.2.0","platform":"linux-unknown-64bit","javascriptEnabled":true,"takesScreenshot":true,"handlesAlerts":false,"databaseEnabled":false,"locationContextEnabled":false,"applicationCacheEnabled":false,"browserConnectionEnabled":false,"cssSelectorsEnabled":true,"webStorageEnabled":false,"rotatable":false,"acceptSslCerts":false,"nativeEvents":true,"proxy":{"proxyType":"direct"}}
[INFO  - 2017-06-05T10:02:53.461Z] SessionManagerReqHand - _postNewSessionCommand - New Session Created: 2409cae0-49d6-11e7-b94c-7fec741cdd76
[INFO  - 2017-06-05T10:02:55.936Z] ShutdownReqHand - _handle - About to shutdown
[INFO  - 2017-06-05T10:03:05.708Z] ShutdownReqHand - _handle - About to shutdown
[INFO  - 2017-06-05T10:03:09.854Z] GhostDriver - Main - running on port 11611
[INFO  - 2017-06-05T10:03:10.309Z] Session [2e14e600-49d6-11e7-8a94-43c135cd2bdd] - page.settings - {"XSSAuditingEnabled":false,"javascriptCanCloseWindows":true,"javascriptCanOpenWindows":true,"javascriptEnabled":true,"loadImages":true,"localToRemoteUrlAccessEnabled":false,"userAgent":"Mozilla/5.0 (Unknown; Linux x86_64) AppleWebKit/538.1 (KHTML, like Gecko) PhantomJS/2.1.1 Safari/538.1","webSecurityEnabled":true}
[INFO  - 2017-06-05T10:03:10.310Z] Session [2e14e600-49d6-11e7-8a94-43c135cd2bdd] - page.customHeaders:  - {}
[INFO  - 2017-06-05T10:03:10.310Z] Session [2e14e600-49d6-11e7-8a94-43c135cd2bdd] - Session.negotiatedCapabilities - {"browserName":"phantomjs","version":"2.1.1","driverName":"ghostdriver","driverVersion":"1.2.0","platform":"linux-unknown-64bit","javascriptEnabled":true,"takesScreenshot":true,"handlesAlerts":false,"databaseEnabled":false,"locationContextEnabled":false,"applicationCacheEnabled":false,"browserConnectionEnabled":false,"cssSelectorsEnabled":true,"webStorageEnabled":false,"rotatable":false,"acceptSslCerts":false,"nativeEvents":true,"proxy":{"proxyType":"direct"}}
[INFO  - 2017-06-05T10:03:10.311Z] SessionManagerReqHand - _postNewSessionCommand - New Session Created: 2e14e600-49d6-11e7-8a94-43c135cd2bdd
[INFO  - 2017-06-05T10:03:17.282Z] GhostDriver - Main - running on port 25456
[INFO  - 2017-06-05T10:03:17.970Z] Session [32a5dfd0-49d6-11e7-a1d6-a3bc238d6049] - page.settings - {"XSSAuditingEnabled":false,"javascriptCanCloseWindows":true,"javascriptCanOpenWindows":true,"javascriptEnabled":true,"loadImages":true,"localToRemoteUrlAccessEnabled":false,"userAgent":"Mozilla/5.0 (Unknown; Linux x86_64) AppleWebKit/538.1 (KHTML, like Gecko) PhantomJS/2.1.1 Safari/538.1","webSecurityEnabled":true}
[INFO  - 2017-06-05T10:03:17.971Z] Session [32a5dfd0-49d6-11e7-a1d6-a3bc238d6049] - page.customHeaders:  - {}
[INFO  - 2017-06-05T10:03:17.971Z] Session [32a5dfd0-49d6-11e7-a1d6-a3bc238d6049] - Session.negotiatedCapabilities - {"browserName":"phantomjs","version":"2.1.1","driverName":"ghostdriver","driverVersion":"1.2.0","platform":"linux-unknown-64bit","javascriptEnabled":true,"takesScreenshot":true,"handlesAlerts":false,"databaseEnabled":false,"locationContextEnabled":false,"applicationCacheEnabled":false,"browserConnectionEnabled":false,"cssSelectorsEnabled":true,"webStorageEnabled":false,"rotatable":false,"acceptSslCerts":false,"nativeEvents":true,"proxy":{"proxyType":"direct"}}
[INFO  - 2017-06-05T10:03:17.972Z] SessionManagerReqHand - _postNewSessionCommand - New Session Created: 32a5dfd0-49d6-11e7-a1d6-a3bc238d6049
[INFO  - 2017-06-05T10:03:21.071Z] ShutdownReqHand - _handle - About to shutdown
[INFO  - 2017-06-05T10:03:24.391Z] GhostDriver - Main - running on port 14715
[INFO  - 2017-06-05T10:03:25.051Z] Session [36dde430-49d6-11e7-87c7-dfb67c72e05f] - page.settings - {"XSSAuditingEnabled":false,"javascriptCanCloseWindows":true,"javascriptCanOpenWindows":true,"javascriptEnabled":true,"loadImages":true,"localToRemoteUrlAccessEnabled":false,"userAgent":"Mozilla/5.0 (Unknown; Linux x86_64) AppleWebKit/538.1 (KHTML, like Gecko) PhantomJS/2.1.1 Safari/538.1","webSecurityEnabled":true}
[INFO  - 2017-06-05T10:03:25.051Z] Session [36dde430-49d6-11e7-87c7-dfb67c72e05f] - page.customHeaders:  - {}
[INFO  - 2017-06-05T10:03:25.056Z] Session [36dde430-49d6-11e7-87c7-dfb67c72e05f] - Session.negotiatedCapabilities - {"browserName":"phantomjs","version":"2.1.1","driverName":"ghostdriver","driverVersion":"1.2.0","platform":"linux-unknown-64bit","javascriptEnabled":true,"takesScreenshot":true,"handlesAlerts":false,"databaseEnabled":false,"locationContextEnabled":false,"applicationCacheEnabled":false,"browserConnectionEnabled":false,"cssSelectorsEnabled":true,"webStorageEnabled":false,"rotatable":false,"acceptSslCerts":false,"nativeEvents":true,"proxy":{"proxyType":"direct"}}
[INFO  - 2017-06-05T10:03:25.057Z] SessionManagerReqHand - _postNewSessionCommand - New Session Created: 36dde430-49d6-11e7-87c7-dfb67c72e05f
[INFO  - 2017-06-05T10:03:38.004Z] ShutdownReqHand - _handle - About to shutdown
[INFO  - 2017-06-05T10:03:40.603Z] ShutdownReqHand - _handle - About to shutdown
[INFO  - 2017-06-05T10:05:33.207Z] GhostDriver - Main - running on port 30788
[INFO  - 2017-06-05T10:05:33.634Z] Session [838267c0-49d6-11e7-ba4b-a73097443937] - page.settings - {"XSSAuditingEnabled":false,"javascriptCanCloseWindows":true,"javascriptCanOpenWindows":true,"javascriptEnabled":true,"loadImages":true,"localToRemoteUrlAccessEnabled":false,"userAgent":"Mozilla/5.0 (Unknown; Linux x86_64) AppleWebKit/538.1 (KHTML, like Gecko) PhantomJS/2.1.1 Safari/538.1","webSecurityEnabled":true}
[INFO  - 2017-06-05T10:05:33.634Z] Session [838267c0-49d6-11e7-ba4b-a73097443937] - page.customHeaders:  - {}
[INFO  - 2017-06-05T10:05:33.635Z] Session [838267c0-49d6-11e7-ba4b-a73097443937] - Session.negotiatedCapabilities - {"browserName":"phantomjs","version":"2.1.1","driverName":"ghostdriver","driverVersion":"1.2.0","platform":"linux-unknown-64bit","javascriptEnabled":true,"takesScreenshot":true,"handlesAlerts":false,"databaseEnabled":false,"locationContextEnabled":false,"applicationCacheEnabled":false,"browserConnectionEnabled":false,"cssSelectorsEnabled":true,"webStorageEnabled":false,"rotatable":false,"acceptSslCerts":false,"nativeEvents":true,"proxy":{"proxyType":"direct"}}
[INFO  - 2017-06-05T10:05:33.635Z] SessionManagerReqHand - _postNewSessionCommand - New Session Created: 838267c0-49d6-11e7-ba4b-a73097443937
[INFO  - 2017-06-05T10:05:46.200Z] ShutdownReqHand - _handle - About to shutdown
[INFO  - 2017-06-05T10:06:41.351Z] GhostDriver - Main - running on port 32096
[INFO  - 2017-06-05T10:06:41.755Z] Session [ac1cd850-49d6-11e7-a5c0-556d21a6525e] - page.settings - {"XSSAuditingEnabled":false,"javascriptCanCloseWindows":true,"javascriptCanOpenWindows":true,"javascriptEnabled":true,"loadImages":true,"localToRemoteUrlAccessEnabled":false,"userAgent":"Mozilla/5.0 (Unknown; Linux x86_64) AppleWebKit/538.1 (KHTML, like Gecko) PhantomJS/2.1.1 Safari/538.1","webSecurityEnabled":true}
[INFO  - 2017-06-05T10:06:41.755Z] Session [ac1cd850-49d6-11e7-a5c0-556d21a6525e] - page.customHeaders:  - {}
[INFO  - 2017-06-05T10:06:41.756Z] Session [ac1cd850-49d6-11e7-a5c0-556d21a6525e] - Session.negotiatedCapabilities - {"browserName":"phantomjs","version":"2.1.1","driverName":"ghostdriver","driverVersion":"1.2.0","platform":"linux-unknown-64bit","javascriptEnabled":true,"takesScreenshot":true,"handlesAlerts":false,"databaseEnabled":false,"locationContextEnabled":false,"applicationCacheEnabled":false,"browserConnectionEnabled":false,"cssSelectorsEnabled":true,"webStorageEnabled":false,"rotatable":false,"acceptSslCerts":false,"nativeEvents":true,"proxy":{"proxyType":"direct"}}
[INFO  - 2017-06-05T10:06:41.757Z] SessionManagerReqHand - _postNewSessionCommand - New Session Created: ac1cd850-49d6-11e7-a5c0-556d21a6525e
[INFO  - 2017-06-05T10:06:52.286Z] ShutdownReqHand - _handle - About to shutdown
[INFO  - 2017-06-05T10:06:57.566Z] GhostDriver - Main - running on port 28594
[INFO  - 2017-06-05T10:06:58.154Z] Session [b5e2fb30-49d6-11e7-913f-05df22b82531] - page.settings - {"XSSAuditingEnabled":false,"javascriptCanCloseWindows":true,"javascriptCanOpenWindows":true,"javascriptEnabled":true,"loadImages":true,"localToRemoteUrlAccessEnabled":false,"userAgent":"Mozilla/5.0 (Unknown; Linux x86_64) AppleWebKit/538.1 (KHTML, like Gecko) PhantomJS/2.1.1 Safari/538.1","webSecurityEnabled":true}
[INFO  - 2017-06-05T10:06:58.155Z] Session [b5e2fb30-49d6-11e7-913f-05df22b82531] - page.customHeaders:  - {}
[INFO  - 2017-06-05T10:06:58.156Z] Session [b5e2fb30-49d6-11e7-913f-05df22b82531] - Session.negotiatedCapabilities - {"browserName":"phantomjs","version":"2.1.1","driverName":"ghostdriver","driverVersion":"1.2.0","platform":"linux-unknown-64bit","javascriptEnabled":true,"takesScreenshot":true,"handlesAlerts":false,"databaseEnabled":false,"locationContextEnabled":false,"applicationCacheEnabled":false,"browserConnectionEnabled":false,"cssSelectorsEnabled":true,"webStorageEnabled":false,"rotatable":false,"acceptSslCerts":false,"nativeEvents":true,"proxy":{"proxyType":"direct"}}
[INFO  - 2017-06-05T10:06:58.157Z] SessionManagerReqHand - _postNewSessionCommand - New Session Created: b5e2fb30-49d6-11e7-913f-05df22b82531
[INFO  - 2017-06-05T10:07:21.051Z] ShutdownReqHand - _handle - About to shutdown
[INFO  - 2017-06-05T10:08:29.471Z] GhostDriver - Main - running on port 6537
[INFO  - 2017-06-05T10:08:30.061Z] Session [ecab0770-49d6-11e7-a8f7-b5ef4ca1368a] - page.settings - {"XSSAuditingEnabled":false,"javascriptCanCloseWindows":true,"javascriptCanOpenWindows":true,"javascriptEnabled":true,"loadImages":true,"localToRemoteUrlAccessEnabled":false,"userAgent":"Mozilla/5.0 (Unknown; Linux x86_64) AppleWebKit/538.1 (KHTML, like Gecko) PhantomJS/2.1.1 Safari/538.1","webSecurityEnabled":true}
[INFO  - 2017-06-05T10:08:30.062Z] Session [ecab0770-49d6-11e7-a8f7-b5ef4ca1368a] - page.customHeaders:  - {}
[INFO  - 2017-06-05T10:08:30.063Z] Session [ecab0770-49d6-11e7-a8f7-b5ef4ca1368a] - Session.negotiatedCapabilities - {"browserName":"phantomjs","version":"2.1.1","driverName":"ghostdriver","driverVersion":"1.2.0","platform":"linux-unknown-64bit","javascriptEnabled":true,"takesScreenshot":true,"handlesAlerts":false,"databaseEnabled":false,"locationContextEnabled":false,"applicationCacheEnabled":false,"browserConnectionEnabled":false,"cssSelectorsEnabled":true,"webStorageEnabled":false,"rotatable":false,"acceptSslCerts":false,"nativeEvents":true,"proxy":{"proxyType":"direct"}}
[INFO  - 2017-06-05T10:08:30.063Z] SessionManagerReqHand - _postNewSessionCommand - New Session Created: ecab0770-49d6-11e7-a8f7-b5ef4ca1368a
[INFO  - 2017-06-05T10:08:39.739Z] GhostDriver - Main - running on port 15147
[INFO  - 2017-06-05T10:08:40.339Z] Session [f2cb7ae0-49d6-11e7-a26c-776399471b71] - page.settings - {"XSSAuditingEnabled":false,"javascriptCanCloseWindows":true,"javascriptCanOpenWindows":true,"javascriptEnabled":true,"loadImages":true,"localToRemoteUrlAccessEnabled":false,"userAgent":"Mozilla/5.0 (Unknown; Linux x86_64) AppleWebKit/538.1 (KHTML, like Gecko) PhantomJS/2.1.1 Safari/538.1","webSecurityEnabled":true}
[INFO  - 2017-06-05T10:08:40.340Z] Session [f2cb7ae0-49d6-11e7-a26c-776399471b71] - page.customHeaders:  - {}
[INFO  - 2017-06-05T10:08:40.340Z] Session [f2cb7ae0-49d6-11e7-a26c-776399471b71] - Session.negotiatedCapabilities - {"browserName":"phantomjs","version":"2.1.1","driverName":"ghostdriver","driverVersion":"1.2.0","platform":"linux-unknown-64bit","javascriptEnabled":true,"takesScreenshot":true,"handlesAlerts":false,"databaseEnabled":false,"locationContextEnabled":false,"applicationCacheEnabled":false,"browserConnectionEnabled":false,"cssSelectorsEnabled":true,"webStorageEnabled":false,"rotatable":false,"acceptSslCerts":false,"nativeEvents":true,"proxy":{"proxyType":"direct"}}
[INFO  - 2017-06-05T10:08:40.341Z] SessionManagerReqHand - _postNewSessionCommand - New Session Created: f2cb7ae0-49d6-11e7-a26c-776399471b71
[INFO  - 2017-06-05T10:08:40.575Z] ShutdownReqHand - _handle - About to shutdown
[INFO  - 2017-06-05T10:08:50.901Z] ShutdownReqHand - _handle - About to shutdown
[INFO  - 2017-06-05T10:08:53.185Z] GhostDriver - Main - running on port 1198
[INFO  - 2017-06-05T10:08:53.632Z] Session [fab7d4b0-49d6-11e7-8f3b-8952d037e346] - page.settings - {"XSSAuditingEnabled":false,"javascriptCanCloseWindows":true,"javascriptCanOpenWindows":true,"javascriptEnabled":true,"loadImages":true,"localToRemoteUrlAccessEnabled":false,"userAgent":"Mozilla/5.0 (Unknown; Linux x86_64) AppleWebKit/538.1 (KHTML, like Gecko) PhantomJS/2.1.1 Safar[INFO  - 2017-06-05T10:26:31.466Z] GhostDriver - Main - running on port 21260
[INFO  - 2017-06-05T10:26:31.897Z] Session [717e4140-49d9-11e7-9066-918068810c42] - page.settings - {"XSSAuditingEnabled":false,"javascriptCanCloseWindows":true,"javascriptCanOpenWindows":true,"javascriptEnabled":true,"loadImages":true,"localToRemoteUrlAccessEnabled":false,"userAgent":"Mozilla/5.0 (Unknown; Linux x86_64) AppleWebKit/538.1 (KHTML, like Gecko) PhantomJS/2.1.1 Safari/538.1","webSecurityEnabled":true}
[INFO  - 2017-06-05T10:26:31.897Z] Session [717e4140-49d9-11e7-9066-918068810c42] - page.customHeaders:  - {}
[INFO  - 2017-06-05T10:26:31.898Z] Session [717e4140-49d9-11e7-9066-918068810c42] - Session.negotiatedCapabilities - {"browserName":"phantomjs","version":"2.1.1","driverName":"ghostdriver","driverVersion":"1.2.0","platform":"linux-unknown-64bit","javascriptEnabled":true,"takesScreenshot":true,"handlesAlerts":false,"databaseEnabled":false,"locationContextEnabled":false,"applicationCacheEnabled":false,"browserConnectionEnabled":false,"cssSelectorsEnabled":true,"webStorageEnabled":false,"rotatable":false,"acceptSslCerts":false,"nativeEvents":true,"proxy":{"proxyType":"direct"}}
[INFO  - 2017-06-05T10:26:31.898Z] SessionManagerReqHand - _postNewSessionCommand - New Session Created: 717e4140-49d9-11e7-9066-918068810c42
[INFO  - 2017-06-05T10:26:43.155Z] ShutdownReqHand - _handle - About to shutdown
[INFO  - 2017-06-05T10:27:38.070Z] GhostDriver - Main - running on port 19427
[INFO  - 2017-06-05T10:27:38.640Z] Session [9945d170-49d9-11e7-8845-cdd890d87d7c] - page.settings - {"XSSAuditingEnabled":false,"javascriptCanCloseWindows":true,"javascriptCanOpenWindows":true,"javascriptEnabled":true,"loadImages":true,"localToRemoteUrlAccessEnabled":false,"userAgent":"Mozilla/5.0 (Unknown; Linux x86_64) AppleWebKit/538.1 (KHTML, like Gecko) PhantomJS/2.1.1 Safari/538.1","webSecurityEnabled":true}
[INFO  - 2017-06-05T10:27:38.640Z] Session [9945d170-49d9-11e7-8845-cdd890d87d7c] - page.customHeaders:  - {}
[INFO  - 2017-06-05T10:27:38.641Z] Session [9945d170-49d9-11e7-8845-cdd890d87d7c] - Session.negotiatedCapabilities - {"browserName":"phantomjs","version":"2.1.1","driverName":"ghostdriver","driverVersion":"1.2.0","platform":"linux-unknown-64bit","javascriptEnabled":true,"takesScreenshot":true,"handlesAlerts":false,"databaseEnabled":false,"locationContextEnabled":false,"applicationCacheEnabled":false,"browserConnectionEnabled":false,"cssSelectorsEnabled":true,"webStorageEnabled":false,"rotatable":false,"acceptSslCerts":false,"nativeEvents":true,"proxy":{"proxyType":"direct"}}
[INFO  - 2017-06-05T10:27:38.642Z] SessionManagerReqHand - _postNewSessionCommand - New Session Created: 9945d170-49d9-11e7-8845-cdd890d87d7c
[INFO  - 2017-06-05T10:27:40.556Z] ShutdownReqHand - _handle - About to shutdown
[INFO  - 2017-06-05T10:30:04.361Z] GhostDriver - Main - running on port 23686
[INFO  - 2017-06-05T10:30:04.806Z] Session [f0659710-49d9-11e7-a65b-716c1dc08bab] - page.settings - {"XSSAuditingEnabled":false,"javascriptCanCloseWindows":true,"javascriptCanOpenWindows":true,"javascriptEnabled":true,"loadImages":true,"localToRemoteUrlAccessEnabled":false,"userAgent":"Mozilla/5.0 (Unknown; Linux x86_64) AppleWebKit/538.1 (KHTML, like Gecko) PhantomJS/2.1.1 Safari/538.1","webSecurityEnabled":true}
[INFO  - 2017-06-05T10:30:04.807Z] Session [f0659710-49d9-11e7-a65b-716c1dc08bab] - page.customHeaders:  - {}
[INFO  - 2017-06-05T10:30:04.807Z] Session [f0659710-49d9-11e7-a65b-716c1dc08bab] - Session.negotiatedCapabilities - {"browserName":"phantomjs","version":"2.1.1","driverName":"ghostdriver","driverVersion":"1.2.0","platform":"linux-unknown-64bit","javascriptEnabled":true,"takesScreenshot":true,"handlesAlerts":false,"databaseEnabled":false,"locationContextEnabled":false,"applicationCacheEnabled":false,"browserConnectionEnabled":false,"cssSelectorsEnabled":true,"webStorageEnabled":false,"rotatable":false,"acceptSslCerts":false,"nativeEvents":true,"proxy":{"proxyType":"direct"}}
[INFO  - 2017-06-05T10:30:04.808Z] SessionManagerReqHand - _postNewSessionCommand - New Session Created: f0659710-49d9-11e7-a65b-716c1dc08bab
[INFO  - 2017-06-05T10:30:15.310Z] ShutdownReqHand - _handle - About to shutdown
[INFO  - 2017-06-05T10:30:22.295Z] GhostDriver - Main - running on port 25234
[INFO  - 2017-06-05T10:30:22.879Z] Session [fb2b4fa0-49d9-11e7-8451-bdab6d7a407b] - page.settings - {"XSSAuditingEnabled":false,"javascriptCanCloseWindows":true,"javascriptCanOpenWindows":true,"javascriptEnabled":true,"loadImages":true,"localToRemoteUrlAccessEnabled":false,"userAgent":"Mozilla/5.0 (Unknown; Linux x86_64) AppleWebKit/538.1 (KHTML, like Gecko) PhantomJS/2.1.1 Safari/538.1","webSecurityEnabled":true}
[INFO  - 2017-06-05T10:30:22.879Z] Session [fb2b4fa0-49d9-11e7-8451-bdab6d7a407b] - page.customHeaders:  - {}
[INFO  - 2017-06-05T10:30:22.880Z] Session [fb2b4fa0-49d9-11e7-8451-bdab6d7a407b] - Session.negotiatedCapabilities - {"browserName":"phantomjs","version":"2.1.1","driverName":"ghostdriver","driverVersion":"1.2.0","platform":"linux-unknown-64bit","javascriptEnabled":true,"takesScreenshot":true,"handlesAlerts":false,"databaseEnabled":false,"locationContextEnabled":false,"applicationCacheEnabled":false,"browserConnectionEnabled":false,"cssSelectorsEnabled":true,"webStorageEnabled":false,"rotatable":false,"acceptSslCerts":false,"nativeEvents":true,"proxy":{"proxyType":"direct"}}
[INFO  - 2017-06-05T10:30:22.880Z] SessionManagerReqHand - _postNewSessionCommand - New Session Created: fb2b4fa0-49d9-11e7-8451-bdab6d7a407b
[INFO  - 2017-06-05T10:30:24.619Z] ShutdownReqHand - _handle - About to shutdown
[INFO  - 2017-06-05T10:38:08.724Z] GhostDriver - Main - running on port 8543
[INFO  - 2017-06-05T10:38:09.211Z] Session [111fed60-49db-11e7-b3c5-8520642818ad] - page.settings - {"XSSAuditingEnabled":false,"javascriptCanCloseWindows":true,"javascriptCanOpenWindows":true,"javascriptEnabled":true,"loadImages":true,"localToRemoteUrlAccessEnabled":false,"userAgent":"Mozilla/5.0 (Unknown; Linux x86_64) AppleWebKit/538.1 (KHTML, like Gecko) PhantomJS/2.1.1 Safari/538.1","webSecurityEnabled":true}
[INFO  - 2017-06-05T10:38:09.212Z] Session [111fed60-49db-11e7-b3c5-8520642818ad] - page.customHeaders:  - {}
[INFO  - 2017-06-05T10:38:09.213Z] Session [111fed60-49db-11e7-b3c5-8520642818ad] - Session.negotiatedCapabilities - {"browserName":"phantomjs","version":"2.1.1","driverName":"ghostdriver","driverVersion":"1.2.0","platform":"linux-unknown-64bit","javascriptEnabled":true,"takesScreenshot":true,"handlesAlerts":false,"databaseEnabled":false,"locationContextEnabled":false,"applicationCacheEnabled":false,"browserConnectionEnabled":false,"cssSelectorsEnabled":true,"webStorageEnabled":false,"rotatable":false,"acceptSslCerts":false,"nativeEvents":true,"proxy":{"proxyType":"direct"}}
[INFO  - 2017-06-05T10:38:09.214Z] SessionManagerReqHand - _postNewSessionCommand - New Session Created: 111fed60-49db-11e7-b3c5-8520642818ad
[INFO  - 2017-06-05T10:38:10.924Z] ShutdownReqHand - _handle - About to shutdown
[INFO  - 2017-06-05T10:38:33.581Z] GhostDriver - Main - running on port 28733
[INFO  - 2017-06-05T10:38:34.031Z] Session [1feb28a0-49db-11e7-9de4-1df2f0f06ef3] - page.settings - {"XSSAuditingEnabled":false,"javascriptCanCloseWindows":true,"javascriptCanOpenWindows":true,"javascriptEnabled":true,"loadImages":true,"localToRemoteUrlAccessEnabled":false,"userAgent":"Mozilla/5.0 (Unknown; Linux x86_64) AppleWebKit/538.1 (KHTML, like Gecko) PhantomJS/2.1.1 Safari/538.1","webSecurityEnabled":true}
[INFO  - 2017-06-05T10:38:34.032Z] Session [1feb28a0-49db-11e7-9de4-1df2f0f06ef3] - page.customHeaders:  - {}
[INFO  - 2017-06-05T10:38:34.033Z] Session [1feb28a0-49db-11e7-9de4-1df2f0f06ef3] - Session.negotiatedCapabilities - {"browserName":"phantomjs","version":"2.1.1","driverName":"ghostdriver","driverVersion":"1.2.0","platform":"linux-unknown-64bit","javascriptEnabled":true,"takesScreenshot":true,"handlesAlerts":false,"databaseEnabled":false,"locationContextEnabled":false,"applicationCacheEnabled":false,"browserConnectionEnabled":false,"cssSelectorsEnabled":true,"webStorageEnabled":false,"rotatable":false,"acceptSslCerts":false,"nativeEvents":true,"proxy":{"proxyType":"direct"}}
[INFO  - 2017-06-05T10:38:34.033Z] SessionManagerReqHand - _postNewSessionCommand - New Session Created: 1feb28a0-49db-11e7-9de4-1df2f0f06ef3
[INFO  - 2017-06-05T10:38:35.771Z] ShutdownReqHand - _handle - About to shutdown
[INFO  - 2017-06-05T10:40:02.209Z] GhostDriver - Main - running on port 4461
[INFO  - 2017-06-05T10:40:02.620Z] Session [54b8c470-49db-11e7-90d7-35bf1dc25061] - page.settings - {"XSSAuditingEnabled":false,"javascriptCanCloseWindows":true,"javascriptCanOpenWindows":true,"javascriptEnabled":true,"loadImages":true,"localToRemoteUrlAccessEnabled":false,"userAgent":"Mozilla/5.0 (Unknown; Linux x86_64) AppleWebKit/538.1 (KHTML, like Gecko) PhantomJS/2.1.1 Safari/538.1","webSecurityEnabled":true}
[INFO  - 2017-06-05T10:40:02.621Z] Session [54b8c470-49db-11e7-90d7-35bf1dc25061] - page.customHeaders:  - {}
[INFO  - 2017-06-05T10:40:02.621Z] Session [54b8c470-49db-11e7-90d7-35bf1dc25061] - Session.negotiatedCapabilities - {"browserName":"phantomjs","version":"2.1.1","driverName":"ghostdriver","driverVersion":"1.2.0","platform":"linux-unknown-64bit","javascriptEnabled":true,"takesScreenshot":true,"handlesAlerts":false,"databaseEnabled":false,"locationContextEnabled":false,"applicationCacheEnabled":false,"browserConnectionEnabled":false,"cssSelectorsEnabled":true,"webStorageEnabled":false,"rotatable":false,"acceptSslCerts":false,"nativeEvents":true,"proxy":{"proxyType":"direct"}}
[INFO  - 2017-06-05T10:40:02.622Z] SessionManagerReqHand - _postNewSessionCommand - New Session Created: 54b8c470-49db-11e7-90d7-35bf1dc25061
[INFO  - 2017-06-05T10:40:04.319Z] ShutdownReqHand - _handle - About to shutdown
[INFO  - 2017-06-05T10:40:17.593Z] GhostDriver - Main - running on port 21447
[INFO  - 2017-06-05T10:40:18.021Z] Session [5de6c600-49db-11e7-baf3-cf654ad24140] - page.settings - {"XSSAuditingEnabled":false,"javascriptCanCloseWindows":true,"javascriptCanOpenWindows":true,"javascriptEnabled":true,"loadImages":true,"localToRemoteUrlAccessEnabled":false,"userAgent":"Mozilla/5.0 (Unknown; Linux x86_64) AppleWebKit/538.1 (KHTML, like Gecko) PhantomJS/2.1.1 Safari/538.1","webSecurityEnabled":true}
[INFO  - 2017-06-05T10:40:18.022Z] Session [5de6c600-49db-11e7-baf3-cf654ad24140] - page.customHeaders:  - {}
[INFO  - 2017-06-05T10:40:18.022Z] Session [5de6c600-49db-11e7-baf3-cf654ad24140] - Session.negotiatedCapabilities - {"browserName":"phantomjs","version":"2.1.1","driverName":"ghostdriver","driverVersion":"1.2.0","platform":"linux-unknown-64bit","javascriptEnabled":true,"takesScreenshot":true,"handlesAlerts":false,"databaseEnabled":false,"locationContextEnabled":false,"applicationCacheEnabled":false,"browserConnectionEnabled":false,"cssSelectorsEnabled":true,"webStorageEnabled":false,"rotatable":false,"acceptSslCerts":false,"nativeEvents":true,"proxy":{"proxyType":"direct"}}
[INFO  - 2017-06-05T10:40:18.023Z] SessionManagerReqHand - _postNewSessionCommand - New Session Created: 5de6c600-49db-11e7-baf3-cf654ad24140
[INFO  - 2017-06-05T10:40:29.206Z] ShutdownReqHand - _handle - About to shutdown
